#
# There is insufficient memory for the Java Runtime Environment to continue.
# Native memory allocation (malloc) failed to allocate 1048576 bytes. Error detail: AllocateHeap
# Possible reasons:
#   The system is out of physical RAM or swap space
#   This process is running with CompressedOops enabled, and the Java Heap may be blocking the growth of the native heap
# Possible solutions:
#   Reduce memory load on the system
#   Increase physical memory or swap space
#   Check if swap backing store is full
#   Decrease Java heap size (-Xmx/-Xms)
#   Decrease number of Java threads
#   Decrease Java thread stack sizes (-Xss)
#   Set larger code cache with -XX:ReservedCodeCacheSize=
#   JVM is running with Unscaled Compressed Oops mode in which the Java heap is
#     placed in the first 4GB address space. The Java Heap base address is the
#     maximum limit for the native heap growth. Please use -XX:HeapBaseMinAddress
#     to set the Java Heap base and to place the Java Heap above 4GB virtual address.
# This output file may be truncated or incomplete.
#
#  Out of Memory Error (allocation.cpp:44), pid=20244, tid=10632
#
# JRE version: OpenJDK Runtime Environment Temurin-21.0.9+10 (21.0.9+10) (build 21.0.9+10-LTS)
# Java VM: OpenJDK 64-Bit Server VM Temurin-21.0.9+10 (21.0.9+10-LTS, mixed mode, sharing, tiered, compressed oops, compressed class ptrs, parallel gc, windows-amd64)
# No core dump will be written. Minidumps are not enabled by default on client versions of Windows
#

---------------  S U M M A R Y ------------

Command Line: --add-modules=ALL-SYSTEM --add-opens=java.base/java.util=ALL-UNNAMED --add-opens=java.base/java.lang=ALL-UNNAMED --add-opens=java.base/sun.nio.fs=ALL-UNNAMED -Declipse.application=org.eclipse.jdt.ls.core.id1 -Dosgi.bundles.defaultStartLevel=4 -Declipse.product=org.eclipse.jdt.ls.core.product -Djava.import.generatesMetadataFilesAtProjectRoot=false -DDetectVMInstallationsJob.disabled=true -Dfile.encoding=utf8 -XX:+UseParallelGC -XX:GCTimeRatio=4 -XX:AdaptiveSizePolicyWeight=90 -Dsun.zip.disableMemoryMapping=true -Xmx2G -Xms100m -Xlog:disable -javaagent:c:\Users\aishw\.vscode\extensions\redhat.java-1.50.0-win32-x64\lombok\lombok-1.18.39-4050.jar -XX:+HeapDumpOnOutOfMemoryError -XX:HeapDumpPath=c:\Users\aishw\AppData\Roaming\Code\User\workspaceStorage\f1b2a04fb41739291382069db032eb01\redhat.java -Daether.dependencyCollector.impl=bf c:\Users\aishw\.vscode\extensions\redhat.java-1.50.0-win32-x64\server\plugins\org.eclipse.equinox.launcher_1.7.100.v20251111-0406.jar -configuration c:\Users\aishw\AppData\Roaming\Code\User\globalStorage\redhat.java\1.50.0\config_win -data c:\Users\aishw\AppData\Roaming\Code\User\workspaceStorage\f1b2a04fb41739291382069db032eb01\redhat.java\jdt_ws --pipe=\\.\pipe\lsp-3b510b4496560c3fed7a62c3691838f0-sock

Host: AMD Ryzen 7 5700U with Radeon Graphics         , 16 cores, 15G,  Windows 11 , 64 bit Build 26100 (10.0.26100.7309)
Time: Thu Dec 18 13:43:02 2025 India Standard Time elapsed time: 302.356219 seconds (0d 0h 5m 2s)

---------------  T H R E A D  ---------------

Current thread (0x000001abf125bb10):  JavaThread "Attach Listener" daemon [_thread_in_vm, id=10632, stack(0x0000003a66300000,0x0000003a66400000) (1024K)]

Stack: [0x0000003a66300000,0x0000003a66400000]
Native frames: (J=compiled Java code, j=interpreted, Vv=VM code, C=native code)
V  [jvm.dll+0x6d6e29]
V  [jvm.dll+0x8b4b76]
V  [jvm.dll+0x8b712e]
V  [jvm.dll+0x8b7813]
V  [jvm.dll+0x283d86]
V  [jvm.dll+0xc1277]
V  [jvm.dll+0x6d76d9]
V  [jvm.dll+0x133466]
V  [jvm.dll+0x3f7ea6]
V  [jvm.dll+0x85e9ad]
V  [jvm.dll+0x6d565d]
C  [ucrtbase.dll+0x37b0]
C  [KERNEL32.DLL+0x2e8d7]
C  [ntdll.dll+0x8c53c]


---------------  P R O C E S S  ---------------

Threads class SMR info:
_java_thread_list=0x000001abe3a58780, length=101, elements={
0x000001abf11ac1b0, 0x000001abf1257c00, 0x000001abf1259090, 0x000001abf125ac40,
0x000001abf125bb10, 0x000001abf1261090, 0x000001abf1264290, 0x000001abf1265ad0,
0x000001abf126ad50, 0x000001abfa11ca40, 0x000001abd401c580, 0x000001abd4920640,
0x000001abd43feaf0, 0x000001abf9fbf4a0, 0x000001abd402e910, 0x000001abd455d050,
0x000001abd455ae90, 0x000001abd418a7d0, 0x000001abd418ae60, 0x000001abd418bb80,
0x000001abd4189420, 0x000001abd48dd610, 0x000001abd48db540, 0x000001abd48dcf80,
0x000001abd48de9c0, 0x000001abd48df050, 0x000001abd48dbbd0, 0x000001abd48df6e0,
0x000001abd48dc260, 0x000001abd48e0400, 0x000001abd48dfd70, 0x000001abd48e0a90,
0x000001abd48e1120, 0x000001abd48e2b60, 0x000001abd48e1e40, 0x000001abd48e17b0,
0x000001abd48e24d0, 0x000001abd68e0b00, 0x000001abd68df750, 0x000001abd68dea30,
0x000001abd68e1190, 0x000001abd68ddd10, 0x000001abd68e0470, 0x000001abd68de3a0,
0x000001abd68df0c0, 0x000001abd5781bb0, 0x000001abd5782f60, 0x000001abd5785030,
0x000001abd57856c0, 0x000001abd57849a0, 0x000001abd57828d0, 0x000001abd5782240,
0x000001abd5786a70, 0x000001abd5785d50, 0x000001abd57863e0, 0x000001abd57835f0,
0x000001abd5787100, 0x000001abd5787790, 0x000001abd5784310, 0x000001abd5787e20,
0x000001abd57884b0, 0x000001abd57891d0, 0x000001abd5788b40, 0x000001abe3a62a70,
0x000001abe3a66580, 0x000001abe3a64b40, 0x000001abe3a63e20, 0x000001abe3a63100,
0x000001abe3a65860, 0x000001abe3a65ef0, 0x000001abe3a63790, 0x000001abe3a6a090,
0x000001abe3a68ce0, 0x000001abe3a69a00, 0x000001abe3a67fc0, 0x000001abe3a67930,
0x000001abe3a672a0, 0x000001abe3a68650, 0x000001abe3a69370, 0x000001abd4c2d3b0,
0x000001abd4c2b970, 0x000001abd4c2a5c0, 0x000001abd4c2c690, 0x000001abd4c2b2e0,
0x000001abd4c2ac50, 0x000001abd4c2e760, 0x000001abd4c2edf0, 0x000001abd4c2f480,
0x000001abd4c2c000, 0x000001abd4c30830, 0x000001abd4c301a0, 0x000001abd4c2fb10,
0x000001abd4c30ec0, 0x000001abd4c31550, 0x000001abdabd5310, 0x000001abdabd6030,
0x000001abdabd59a0, 0x000001abdabd6d50, 0x000001abd8c16230, 0x000001abdabd73e0,
0x000001abd70bc9f0
}

Java Threads: ( => current thread )
  0x000001abf11ac1b0 JavaThread "main"                              [_thread_blocked, id=17424, stack(0x0000003a65c00000,0x0000003a65d00000) (1024K)]
  0x000001abf1257c00 JavaThread "Reference Handler"          daemon [_thread_blocked, id=29048, stack(0x0000003a66000000,0x0000003a66100000) (1024K)]
  0x000001abf1259090 JavaThread "Finalizer"                  daemon [_thread_blocked, id=22032, stack(0x0000003a66100000,0x0000003a66200000) (1024K)]
  0x000001abf125ac40 JavaThread "Signal Dispatcher"          daemon [_thread_blocked, id=5728, stack(0x0000003a66200000,0x0000003a66300000) (1024K)]
=>0x000001abf125bb10 JavaThread "Attach Listener"            daemon [_thread_in_vm, id=10632, stack(0x0000003a66300000,0x0000003a66400000) (1024K)]
  0x000001abf1261090 JavaThread "Service Thread"             daemon [_thread_blocked, id=28204, stack(0x0000003a66400000,0x0000003a66500000) (1024K)]
  0x000001abf1264290 JavaThread "Monitor Deflation Thread"   daemon [_thread_blocked, id=15896, stack(0x0000003a66500000,0x0000003a66600000) (1024K)]
  0x000001abf1265ad0 JavaThread "C2 CompilerThread0"         daemon [_thread_in_native, id=6288, stack(0x0000003a66600000,0x0000003a66700000) (1024K)]
  0x000001abf126ad50 JavaThread "C1 CompilerThread0"         daemon [_thread_blocked, id=4784, stack(0x0000003a66700000,0x0000003a66800000) (1024K)]
  0x000001abfa11ca40 JavaThread "Common-Cleaner"             daemon [_thread_blocked, id=28392, stack(0x0000003a66a00000,0x0000003a66b00000) (1024K)]
  0x000001abd401c580 JavaThread "Notification Thread"        daemon [_thread_blocked, id=25932, stack(0x0000003a66c00000,0x0000003a66d00000) (1024K)]
  0x000001abd4920640 JavaThread "Active Thread: Equinox Container: cdc4c979-d2c9-44d4-aa0e-978e8e3cbae1"        [_thread_blocked, id=22520, stack(0x0000003a67600000,0x0000003a67700000) (1024K)]
  0x000001abd43feaf0 JavaThread "Refresh Thread: Equinox Container: cdc4c979-d2c9-44d4-aa0e-978e8e3cbae1" daemon [_thread_blocked, id=29992, stack(0x0000003a66800000,0x0000003a66900000) (1024K)]
  0x000001abf9fbf4a0 JavaThread "Framework Event Dispatcher: Equinox Container: cdc4c979-d2c9-44d4-aa0e-978e8e3cbae1" daemon [_thread_blocked, id=30600, stack(0x0000003a66900000,0x0000003a66a00000) (1024K)]
  0x000001abd402e910 JavaThread "Start Level: Equinox Container: cdc4c979-d2c9-44d4-aa0e-978e8e3cbae1" daemon [_thread_blocked, id=10748, stack(0x0000003a66b00000,0x0000003a66c00000) (1024K)]
  0x000001abd455d050 JavaThread "Bundle File Closer"         daemon [_thread_blocked, id=4976, stack(0x0000003a67a00000,0x0000003a67b00000) (1024K)]
  0x000001abd455ae90 JavaThread "SCR Component Actor"        daemon [_thread_blocked, id=29820, stack(0x0000003a67c00000,0x0000003a67d00000) (1024K)]
  0x000001abd418a7d0 JavaThread "Worker-JM"                         [_thread_blocked, id=8104, stack(0x0000003a67f00000,0x0000003a68000000) (1024K)]
  0x000001abd418ae60 JavaThread "JNA Cleaner"                daemon [_thread_blocked, id=17576, stack(0x0000003a67e00000,0x0000003a67f00000) (1024K)]
  0x000001abd418bb80 JavaThread "Worker-1"                          [_thread_blocked, id=16164, stack(0x0000003a68300000,0x0000003a68400000) (1024K)]
  0x000001abd4189420 JavaThread "Java indexing"              daemon [_thread_blocked, id=11340, stack(0x0000003a68700000,0x0000003a68800000) (1024K)]
  0x000001abd48dd610 JavaThread "Worker-5"                          [_thread_blocked, id=22988, stack(0x0000003a69000000,0x0000003a69100000) (1024K)]
  0x000001abd48db540 JavaThread "Thread-1"                   daemon [_thread_in_native, id=12876, stack(0x0000003a69100000,0x0000003a69200000) (1024K)]
  0x000001abd48dcf80 JavaThread "Thread-2"                   daemon [_thread_in_native, id=28876, stack(0x0000003a69200000,0x0000003a69300000) (1024K)]
  0x000001abd48de9c0 JavaThread "Thread-3"                   daemon [_thread_in_native, id=17104, stack(0x0000003a69300000,0x0000003a69400000) (1024K)]
  0x000001abd48df050 JavaThread "Thread-4"                   daemon [_thread_in_native, id=14224, stack(0x0000003a69400000,0x0000003a69500000) (1024K)]
  0x000001abd48dbbd0 JavaThread "Thread-5"                   daemon [_thread_in_native, id=19016, stack(0x0000003a69500000,0x0000003a69600000) (1024K)]
  0x000001abd48df6e0 JavaThread "Thread-6"                   daemon [_thread_in_native, id=572, stack(0x0000003a69600000,0x0000003a69700000) (1024K)]
  0x000001abd48dc260 JavaThread "Thread-7"                   daemon [_thread_in_native, id=27692, stack(0x0000003a69700000,0x0000003a69800000) (1024K)]
  0x000001abd48e0400 JavaThread "Thread-8"                   daemon [_thread_in_native, id=2092, stack(0x0000003a69800000,0x0000003a69900000) (1024K)]
  0x000001abd48dfd70 JavaThread "Thread-9"                   daemon [_thread_in_native, id=25096, stack(0x0000003a69900000,0x0000003a69a00000) (1024K)]
  0x000001abd48e0a90 JavaThread "Thread-10"                  daemon [_thread_in_native, id=25768, stack(0x0000003a69a00000,0x0000003a69b00000) (1024K)]
  0x000001abd48e1120 JavaThread "Thread-11"                  daemon [_thread_in_native, id=11260, stack(0x0000003a69b00000,0x0000003a69c00000) (1024K)]
  0x000001abd48e2b60 JavaThread "Thread-12"                  daemon [_thread_in_native, id=25536, stack(0x0000003a69c00000,0x0000003a69d00000) (1024K)]
  0x000001abd48e1e40 JavaThread "Thread-13"                  daemon [_thread_in_native, id=27836, stack(0x0000003a69d00000,0x0000003a69e00000) (1024K)]
  0x000001abd48e17b0 JavaThread "Thread-14"                  daemon [_thread_in_native, id=11200, stack(0x0000003a69e00000,0x0000003a69f00000) (1024K)]
  0x000001abd48e24d0 JavaThread "Thread-15"                  daemon [_thread_in_native, id=14344, stack(0x0000003a69f00000,0x0000003a6a000000) (1024K)]
  0x000001abd68e0b00 JavaThread "Thread-16"                  daemon [_thread_in_native, id=5236, stack(0x0000003a6a000000,0x0000003a6a100000) (1024K)]
  0x000001abd68df750 JavaThread "Thread-17"                  daemon [_thread_in_native, id=24208, stack(0x0000003a6a100000,0x0000003a6a200000) (1024K)]
  0x000001abd68dea30 JavaThread "pool-2-thread-1"                   [_thread_blocked, id=4872, stack(0x0000003a6a200000,0x0000003a6a300000) (1024K)]
  0x000001abd68e1190 JavaThread "ForkJoinPool.commonPool-worker-1" daemon [_thread_blocked, id=30572, stack(0x0000003a6a300000,0x0000003a6a400000) (1024K)]
  0x000001abd68ddd10 JavaThread "ForkJoinPool.commonPool-worker-2" daemon [_thread_blocked, id=24276, stack(0x0000003a6a400000,0x0000003a6a500000) (1024K)]
  0x000001abd68e0470 JavaThread "ForkJoinPool.commonPool-worker-3" daemon [_thread_blocked, id=25048, stack(0x0000003a6a500000,0x0000003a6a600000) (1024K)]
  0x000001abd68de3a0 JavaThread "ForkJoinPool.commonPool-worker-4" daemon [_thread_blocked, id=19440, stack(0x0000003a6a600000,0x0000003a6a700000) (1024K)]
  0x000001abd68df0c0 JavaThread "ForkJoinPool.commonPool-worker-5" daemon [_thread_blocked, id=9484, stack(0x0000003a6a700000,0x0000003a6a800000) (1024K)]
  0x000001abd5781bb0 JavaThread "ForkJoinPool.commonPool-worker-6" daemon [_thread_blocked, id=27796, stack(0x0000003a6a800000,0x0000003a6a900000) (1024K)]
  0x000001abd5782f60 JavaThread "ForkJoinPool.commonPool-worker-7" daemon [_thread_blocked, id=28252, stack(0x0000003a6a900000,0x0000003a6aa00000) (1024K)]
  0x000001abd5785030 JavaThread "ForkJoinPool.commonPool-worker-8" daemon [_thread_blocked, id=16724, stack(0x0000003a6aa00000,0x0000003a6ab00000) (1024K)]
  0x000001abd57856c0 JavaThread "ForkJoinPool.commonPool-worker-9" daemon [_thread_blocked, id=19792, stack(0x0000003a6ab00000,0x0000003a6ac00000) (1024K)]
  0x000001abd57849a0 JavaThread "ForkJoinPool.commonPool-worker-10" daemon [_thread_blocked, id=29676, stack(0x0000003a6ac00000,0x0000003a6ad00000) (1024K)]
  0x000001abd57828d0 JavaThread "ForkJoinPool.commonPool-worker-11" daemon [_thread_blocked, id=14888, stack(0x0000003a6ad00000,0x0000003a6ae00000) (1024K)]
  0x000001abd5782240 JavaThread "ForkJoinPool.commonPool-worker-12" daemon [_thread_blocked, id=14228, stack(0x0000003a6ae00000,0x0000003a6af00000) (1024K)]
  0x000001abd5786a70 JavaThread "ForkJoinPool.commonPool-worker-13" daemon [_thread_blocked, id=8996, stack(0x0000003a6af00000,0x0000003a6b000000) (1024K)]
  0x000001abd5785d50 JavaThread "ForkJoinPool.commonPool-worker-14" daemon [_thread_blocked, id=29932, stack(0x0000003a6b000000,0x0000003a6b100000) (1024K)]
  0x000001abd57863e0 JavaThread "ForkJoinPool.commonPool-worker-15" daemon [_thread_blocked, id=19240, stack(0x0000003a6b100000,0x0000003a6b200000) (1024K)]
  0x000001abd57835f0 JavaThread "WorkspaceEventsHandler"            [_thread_blocked, id=19628, stack(0x0000003a6b300000,0x0000003a6b400000) (1024K)]
  0x000001abd5787100 JavaThread "pool-1-thread-1"                   [_thread_blocked, id=20264, stack(0x0000003a6b400000,0x0000003a6b500000) (1024K)]
  0x000001abd5787790 JavaThread "LocalFile Deleter"          daemon [_thread_blocked, id=29852, stack(0x0000003a68c00000,0x0000003a68d00000) (1024K)]
  0x000001abd5784310 JavaThread "LocalFile Deleter"          daemon [_thread_blocked, id=18368, stack(0x0000003a6b600000,0x0000003a6b700000) (1024K)]
  0x000001abd5787e20 JavaThread "LocalFile Deleter"          daemon [_thread_blocked, id=11712, stack(0x0000003a6b700000,0x0000003a6b800000) (1024K)]
  0x000001abd57884b0 JavaThread "LocalFile Deleter"          daemon [_thread_blocked, id=14460, stack(0x0000003a6b800000,0x0000003a6b900000) (1024K)]
  0x000001abd57891d0 JavaThread "LocalFile Deleter"          daemon [_thread_blocked, id=21448, stack(0x0000003a6b900000,0x0000003a6ba00000) (1024K)]
  0x000001abd5788b40 JavaThread "LocalFile Deleter"          daemon [_thread_blocked, id=6496, stack(0x0000003a6ba00000,0x0000003a6bb00000) (1024K)]
  0x000001abe3a62a70 JavaThread "LocalFile Deleter"          daemon [_thread_blocked, id=29136, stack(0x0000003a6bb00000,0x0000003a6bc00000) (1024K)]
  0x000001abe3a66580 JavaThread "LocalFile Deleter"          daemon [_thread_blocked, id=21568, stack(0x0000003a6bc00000,0x0000003a6bd00000) (1024K)]
  0x000001abe3a64b40 JavaThread "LocalFile Deleter"          daemon [_thread_blocked, id=20236, stack(0x0000003a6bd00000,0x0000003a6be00000) (1024K)]
  0x000001abe3a63e20 JavaThread "LocalFile Deleter"          daemon [_thread_blocked, id=29964, stack(0x0000003a6be00000,0x0000003a6bf00000) (1024K)]
  0x000001abe3a63100 JavaThread "LocalFile Deleter"          daemon [_thread_blocked, id=23120, stack(0x0000003a6bf00000,0x0000003a6c000000) (1024K)]
  0x000001abe3a65860 JavaThread "LocalFile Deleter"          daemon [_thread_blocked, id=23440, stack(0x0000003a6c100000,0x0000003a6c200000) (1024K)]
  0x000001abe3a65ef0 JavaThread "LocalFile Deleter"          daemon [_thread_blocked, id=14256, stack(0x0000003a6c300000,0x0000003a6c400000) (1024K)]
  0x000001abe3a63790 JavaThread "Compiler Source File Reader" daemon [_thread_blocked, id=22560, stack(0x0000003a68b00000,0x0000003a68c00000) (1024K)]
  0x000001abe3a6a090 JavaThread "Compiler Source File Reader" daemon [_thread_blocked, id=9060, stack(0x0000003a6c500000,0x0000003a6c600000) (1024K)]
  0x000001abe3a68ce0 JavaThread "Compiler Source File Reader" daemon [_thread_blocked, id=22344, stack(0x0000003a6c600000,0x0000003a6c700000) (1024K)]
  0x000001abe3a69a00 JavaThread "Compiler Source File Reader" daemon [_thread_blocked, id=8648, stack(0x0000003a6c700000,0x0000003a6c800000) (1024K)]
  0x000001abe3a67fc0 JavaThread "Compiler Source File Reader" daemon [_thread_blocked, id=9140, stack(0x0000003a6c800000,0x0000003a6c900000) (1024K)]
  0x000001abe3a67930 JavaThread "Compiler Source File Reader" daemon [_thread_blocked, id=6680, stack(0x0000003a6c900000,0x0000003a6ca00000) (1024K)]
  0x000001abe3a672a0 JavaThread "Compiler Source File Reader" daemon [_thread_blocked, id=27128, stack(0x0000003a6ca00000,0x0000003a6cb00000) (1024K)]
  0x000001abe3a68650 JavaThread "Compiler Source File Reader" daemon [_thread_blocked, id=18164, stack(0x0000003a6cb00000,0x0000003a6cc00000) (1024K)]
  0x000001abe3a69370 JavaThread "Compiler Source File Reader" daemon [_thread_blocked, id=22160, stack(0x0000003a6cc00000,0x0000003a6cd00000) (1024K)]
  0x000001abd4c2d3b0 JavaThread "Compiler Source File Reader" daemon [_thread_blocked, id=21496, stack(0x0000003a6cd00000,0x0000003a6ce00000) (1024K)]
  0x000001abd4c2b970 JavaThread "Compiler Source File Reader" daemon [_thread_blocked, id=28588, stack(0x0000003a6ce00000,0x0000003a6cf00000) (1024K)]
  0x000001abd4c2a5c0 JavaThread "Compiler Source File Reader" daemon [_thread_blocked, id=15216, stack(0x0000003a6cf00000,0x0000003a6d000000) (1024K)]
  0x000001abd4c2c690 JavaThread "Compiler Source File Reader" daemon [_thread_blocked, id=10384, stack(0x0000003a6d000000,0x0000003a6d100000) (1024K)]
  0x000001abd4c2b2e0 JavaThread "Compiler Source File Reader" daemon [_thread_blocked, id=21232, stack(0x0000003a6d100000,0x0000003a6d200000) (1024K)]
  0x000001abd4c2ac50 JavaThread "Compiler Class File Writer" daemon [_thread_blocked, id=28856, stack(0x0000003a6d400000,0x0000003a6d500000) (1024K)]
  0x000001abd4c2e760 JavaThread "Compiler Class File Writer" daemon [_thread_blocked, id=27832, stack(0x0000003a6d500000,0x0000003a6d600000) (1024K)]
  0x000001abd4c2edf0 JavaThread "Compiler Class File Writer" daemon [_thread_blocked, id=8664, stack(0x0000003a6d600000,0x0000003a6d700000) (1024K)]
  0x000001abd4c2f480 JavaThread "Compiler Class File Writer" daemon [_thread_blocked, id=18952, stack(0x0000003a6d700000,0x0000003a6d800000) (1024K)]
  0x000001abd4c2c000 JavaThread "Compiler Class File Writer" daemon [_thread_blocked, id=28564, stack(0x0000003a6d800000,0x0000003a6d900000) (1024K)]
  0x000001abd4c30830 JavaThread "Compiler Class File Writer" daemon [_thread_blocked, id=21920, stack(0x0000003a6d900000,0x0000003a6da00000) (1024K)]
  0x000001abd4c301a0 JavaThread "Compiler Class File Writer" daemon [_thread_blocked, id=22640, stack(0x0000003a6da00000,0x0000003a6db00000) (1024K)]
  0x000001abd4c2fb10 JavaThread "Compiler Class File Writer" daemon [_thread_blocked, id=27388, stack(0x0000003a6db00000,0x0000003a6dc00000) (1024K)]
  0x000001abd4c30ec0 JavaThread "Compiler Class File Writer" daemon [_thread_blocked, id=25936, stack(0x0000003a6dc00000,0x0000003a6dd00000) (1024K)]
  0x000001abd4c31550 JavaThread "Compiler Class File Writer" daemon [_thread_blocked, id=17144, stack(0x0000003a6dd00000,0x0000003a6de00000) (1024K)]
  0x000001abdabd5310 JavaThread "Compiler Class File Writer" daemon [_thread_blocked, id=16020, stack(0x0000003a6de00000,0x0000003a6df00000) (1024K)]
  0x000001abdabd6030 JavaThread "Compiler Class File Writer" daemon [_thread_blocked, id=20024, stack(0x0000003a6df00000,0x0000003a6e000000) (1024K)]
  0x000001abdabd59a0 JavaThread "Compiler Class File Writer" daemon [_thread_blocked, id=14964, stack(0x0000003a6e000000,0x0000003a6e100000) (1024K)]
  0x000001abdabd6d50 JavaThread "Compiler Class File Writer" daemon [_thread_blocked, id=12164, stack(0x0000003a6e100000,0x0000003a6e200000) (1024K)]
  0x000001abd8c16230 JavaThread "Cleaner-0"                  daemon [_thread_blocked, id=14828, stack(0x0000003a6e200000,0x0000003a6e300000) (1024K)]
  0x000001abdabd73e0 JavaThread "Worker-6"                          [_thread_blocked, id=8584, stack(0x0000003a66d00000,0x0000003a66e00000) (1024K)]
  0x000001abd70bc9f0 JavaThread "C1 CompilerThread1"         daemon [_thread_blocked, id=16400, stack(0x0000003a65a00000,0x0000003a65b00000) (1024K)]
Total: 101

Other Threads:
  0x000001abf124e740 VMThread "VM Thread"                           [id=2980, stack(0x0000003a65f00000,0x0000003a66000000) (1024K)]
  0x000001abf103ca00 WatcherThread "VM Periodic Task Thread"        [id=16532, stack(0x0000003a65e00000,0x0000003a65f00000) (1024K)]
  0x000001abf11cab60 WorkerThread "GC Thread#0"                     [id=27304, stack(0x0000003a65d00000,0x0000003a65e00000) (1024K)]
  0x000001abd471ab70 WorkerThread "GC Thread#1"                     [id=26828, stack(0x0000003a66e00000,0x0000003a66f00000) (1024K)]
  0x000001abd471af10 WorkerThread "GC Thread#2"                     [id=27980, stack(0x0000003a66f00000,0x0000003a67000000) (1024K)]
  0x000001abd462a560 WorkerThread "GC Thread#3"                     [id=27964, stack(0x0000003a67000000,0x0000003a67100000) (1024K)]
  0x000001abd462a900 WorkerThread "GC Thread#4"                     [id=24528, stack(0x0000003a67100000,0x0000003a67200000) (1024K)]
  0x000001abd462aca0 WorkerThread "GC Thread#5"                     [id=28224, stack(0x0000003a67200000,0x0000003a67300000) (1024K)]
  0x000001abd462b040 WorkerThread "GC Thread#6"                     [id=23648, stack(0x0000003a67300000,0x0000003a67400000) (1024K)]
  0x000001abd4a5e220 WorkerThread "GC Thread#7"                     [id=30492, stack(0x0000003a67700000,0x0000003a67800000) (1024K)]
  0x000001abd4a5e5c0 WorkerThread "GC Thread#8"                     [id=10844, stack(0x0000003a67400000,0x0000003a67500000) (1024K)]
  0x000001abd4a5e960 WorkerThread "GC Thread#9"                     [id=22872, stack(0x0000003a67500000,0x0000003a67600000) (1024K)]
  0x000001abd4a5f0a0 WorkerThread "GC Thread#10"                    [id=4324, stack(0x0000003a67800000,0x0000003a67900000) (1024K)]
  0x000001abd4a5ed00 WorkerThread "GC Thread#11"                    [id=3000, stack(0x0000003a67900000,0x0000003a67a00000) (1024K)]
  0x000001abd4a5fb80 WorkerThread "GC Thread#12"                    [id=14520, stack(0x0000003a67b00000,0x0000003a67c00000) (1024K)]
Total: 15

Threads with active compile tasks:
C2 CompilerThread0  302401 20346   !   4       org.eclipse.core.internal.resources.Resource::filterChildren (234 bytes)
Total: 1

VM state: not at safepoint (normal execution)

VM Mutex/Monitor currently owned by a thread: None

Heap address: 0x0000000080000000, size: 2048 MB, Compressed Oops mode: 32-bit

CDS archive(s) mapped at: [0x000001ab8f000000-0x000001ab8fba0000-0x000001ab8fba0000), size 12189696, SharedBaseAddress: 0x000001ab8f000000, ArchiveRelocationMode: 1.
Compressed class space mapped at: 0x000001ab90000000-0x000001abd0000000, reserved size: 1073741824
Narrow klass base: 0x000001ab8f000000, Narrow klass shift: 0, Narrow klass range: 0x100000000

GC Precious Log:
 CardTable entry size: 512
 CPUs: 16 total, 16 available
 Memory: 15693M
 Large Page Support: Disabled
 NUMA Support: Disabled
 Compressed Oops: Enabled (32-bit)
 Alignments: Space 512K, Generation 512K, Heap 2M
 Heap Min Capacity: 100M
 Heap Initial Capacity: 100M
 Heap Max Capacity: 2G
 Pre-touch: Disabled
 Parallel Workers: 13

Heap:
 PSYoungGen      total 3584K, used 2727K [0x00000000d5580000, 0x00000000d5a00000, 0x0000000100000000)
  eden space 2560K, 87% used [0x00000000d5580000,0x00000000d57b1ce0,0x00000000d5800000)
  from space 1024K, 46% used [0x00000000d5800000,0x00000000d5878000,0x00000000d5900000)
  to   space 1024K, 0% used [0x00000000d5900000,0x00000000d5900000,0x00000000d5a00000)
 ParOldGen       total 336384K, used 336266K [0x0000000080000000, 0x0000000094880000, 0x00000000d5580000)
  object space 336384K, 99% used [0x0000000080000000,0x0000000094862ad0,0x0000000094880000)
 Metaspace       used 82840K, committed 84608K, reserved 1179648K
  class space    used 8361K, committed 9152K, reserved 1048576K

Card table byte_map: [0x000001abf0b50000,0x000001abf0f60000] _byte_map_base: 0x000001abf0750000

Marking Bits: (ParMarkBitMap*) 0x00007ffc32c52460
 Begin Bits: [0x000001abf4660000, 0x000001abf6660000)
 End Bits:   [0x000001abf6660000, 0x000001abf8660000)

Polling page: 0x000001abef1f0000

Metaspace:

Usage:
  Non-class:     72.73 MB used.
      Class:      8.17 MB used.
       Both:     80.90 MB used.

Virtual space:
  Non-class space:      128.00 MB reserved,      73.69 MB ( 58%) committed,  2 nodes.
      Class space:        1.00 GB reserved,       8.94 MB ( <1%) committed,  1 nodes.
             Both:        1.12 GB reserved,      82.62 MB (  7%) committed. 

Chunk freelists:
   Non-Class:  6.12 MB
       Class:  6.96 MB
        Both:  13.09 MB

MaxMetaspaceSize: unlimited
CompressedClassSpaceSize: 1.00 GB
Initial GC threshold: 21.00 MB
Current GC threshold: 131.56 MB
CDS: on
 - commit_granule_bytes: 65536.
 - commit_granule_words: 8192.
 - virtual_space_node_default_size: 8388608.
 - enlarge_chunks_in_place: 1.
 - use_allocation_guard: 0.


Internal statistics:

num_allocs_failed_limit: 9.
num_arena_births: 1592.
num_arena_deaths: 24.
num_vsnodes_births: 3.
num_vsnodes_deaths: 0.
num_space_committed: 1322.
num_space_uncommitted: 0.
num_chunks_returned_to_freelist: 38.
num_chunks_taken_from_freelist: 5651.
num_chunk_merges: 16.
num_chunk_splits: 3324.
num_chunks_enlarged: 1687.
num_inconsistent_stats: 0.

CodeHeap 'non-profiled nmethods': size=119168Kb used=16377Kb max_used=16377Kb free=102790Kb
 bounds [0x000001ab87ba0000, 0x000001ab88ba0000, 0x000001ab8f000000]
CodeHeap 'profiled nmethods': size=119104Kb used=45763Kb max_used=45763Kb free=73340Kb
 bounds [0x000001ab80000000, 0x000001ab82cc0000, 0x000001ab87450000]
CodeHeap 'non-nmethods': size=7488Kb used=2069Kb max_used=3258Kb free=5418Kb
 bounds [0x000001ab87450000, 0x000001ab877c0000, 0x000001ab87ba0000]
CodeCache: size=245760Kb, used=64209Kb, max_used=65398Kb, free=181548Kb
 total_blobs=19449, nmethods=18621, adapters=730, full_count=0
Compilation: enabled, stopped_count=0, restarted_count=0

Compilation events (20 events):
Event: 301.949 Thread 0x000001abf1265ad0 nmethod 20332 0x000001ab88b98e90 code [0x000001ab88b99160, 0x000001ab88b9a1a8]
Event: 302.046 Thread 0x000001abd70bc9f0 20338       3       java.lang.invoke.LambdaForm$MH/0x000001ab90835800::invoke (63 bytes)
Event: 302.048 Thread 0x000001abd70bc9f0 nmethod 20338 0x000001ab82cabb90 code [0x000001ab82cabe80, 0x000001ab82cad0b0]
Event: 302.060 Thread 0x000001abf1265ad0 20339       4       org.eclipse.jdt.internal.compiler.parser.Parser::consumeImportDeclarations (5 bytes)
Event: 302.062 Thread 0x000001abf1265ad0 nmethod 20339 0x000001ab88b9ad90 code [0x000001ab88b9af20, 0x000001ab88b9b000]
Event: 302.104 Thread 0x000001abf1265ad0 20340       4       java.util.TimSort::gallopRight (335 bytes)
Event: 302.108 Thread 0x000001abd70bc9f0 20341       3       org.eclipse.jdt.internal.compiler.flow.UnconditionalFlowInfo::isPotentiallyAssigned (9 bytes)
Event: 302.109 Thread 0x000001abd70bc9f0 nmethod 20341 0x000001ab82cad690 code [0x000001ab82cad840, 0x000001ab82cad988]
Event: 302.109 Thread 0x000001abd70bc9f0 20342       3       org.eclipse.jdt.internal.compiler.ast.FakedTrackingVariable::hasDefinitelyNoResource (48 bytes)
Event: 302.110 Thread 0x000001abf126ad50 20343       3       org.eclipse.jdt.internal.compiler.ast.FakedTrackingVariable::analyseCloseableAcquisition (256 bytes)
Event: 302.110 Thread 0x000001abd70bc9f0 nmethod 20342 0x000001ab82cada90 code [0x000001ab82cadc80, 0x000001ab82cae148]
Event: 302.113 Thread 0x000001abf126ad50 nmethod 20343 0x000001ab82cae290 code [0x000001ab82cae640, 0x000001ab82cafe78]
Event: 302.148 Thread 0x000001abf1265ad0 nmethod 20340 0x000001ab88b9b110 code [0x000001ab88b9b380, 0x000001ab88b9c338]
Event: 302.148 Thread 0x000001abf1265ad0 20345  s    4       org.eclipse.jdt.core.dom.DefaultBindingResolver::recordScope (13 bytes)
Event: 302.167 Thread 0x000001abf1265ad0 nmethod 20345 0x000001ab88b9d010 code [0x000001ab88b9d220, 0x000001ab88b9dba8]
Event: 302.167 Thread 0x000001abf1265ad0 20344       4       org.eclipse.jdt.core.dom.ASTRecoveryPropagator::visitNode (191 bytes)
Event: 302.175 Thread 0x000001abf1265ad0 nmethod 20344 0x000001ab88b9e190 code [0x000001ab88b9e320, 0x000001ab88b9e540]
Event: 302.215 Thread 0x000001abf1265ad0 20346   !   4       org.eclipse.core.internal.resources.Resource::filterChildren (234 bytes)
Event: 302.224 Thread 0x000001abd70bc9f0 20347       3       org.eclipse.jdt.core.dom.PackageDeclaration::getJavadoc (16 bytes)
Event: 302.225 Thread 0x000001abd70bc9f0 nmethod 20347 0x000001ab82cb0890 code [0x000001ab82cb0a60, 0x000001ab82cb0d00]

GC Heap History (20 events):
Event: 301.696 GC heap before
{Heap before GC invocations=784 (full 4):
 PSYoungGen      total 3584K, used 2848K [0x00000000d5580000, 0x00000000d5980000, 0x0000000100000000)
  eden space 2560K, 100% used [0x00000000d5580000,0x00000000d5800000,0x00000000d5800000)
  from space 1024K, 28% used [0x00000000d5800000,0x00000000d5848000,0x00000000d5900000)
  to   space 512K, 0% used [0x00000000d5900000,0x00000000d5900000,0x00000000d5980000)
 ParOldGen       total 333824K, used 333315K [0x0000000080000000, 0x0000000094600000, 0x00000000d5580000)
  object space 333824K, 99% used [0x0000000080000000,0x0000000094580e20,0x0000000094600000)
 Metaspace       used 82811K, committed 84544K, reserved 1179648K
  class space    used 8361K, committed 9152K, reserved 1048576K
}
Event: 301.699 GC heap after
{Heap after GC invocations=784 (full 4):
 PSYoungGen      total 3072K, used 506K [0x00000000d5580000, 0x00000000d5a00000, 0x0000000100000000)
  eden space 2560K, 0% used [0x00000000d5580000,0x00000000d5580000,0x00000000d5800000)
  from space 512K, 98% used [0x00000000d5900000,0x00000000d597e900,0x00000000d5980000)
  to   space 1024K, 0% used [0x00000000d5800000,0x00000000d5800000,0x00000000d5900000)
 ParOldGen       total 333824K, used 333403K [0x0000000080000000, 0x0000000094600000, 0x00000000d5580000)
  object space 333824K, 99% used [0x0000000080000000,0x0000000094596e20,0x0000000094600000)
 Metaspace       used 82811K, committed 84544K, reserved 1179648K
  class space    used 8361K, committed 9152K, reserved 1048576K
}
Event: 301.708 GC heap before
{Heap before GC invocations=785 (full 4):
 PSYoungGen      total 3072K, used 3066K [0x00000000d5580000, 0x00000000d5a00000, 0x0000000100000000)
  eden space 2560K, 100% used [0x00000000d5580000,0x00000000d5800000,0x00000000d5800000)
  from space 512K, 98% used [0x00000000d5900000,0x00000000d597e900,0x00000000d5980000)
  to   space 1024K, 0% used [0x00000000d5800000,0x00000000d5800000,0x00000000d5900000)
 ParOldGen       total 333824K, used 333403K [0x0000000080000000, 0x0000000094600000, 0x00000000d5580000)
  object space 333824K, 99% used [0x0000000080000000,0x0000000094596e20,0x0000000094600000)
 Metaspace       used 82811K, committed 84544K, reserved 1179648K
  class space    used 8361K, committed 9152K, reserved 1048576K
}
Event: 301.710 GC heap after
{Heap after GC invocations=785 (full 4):
 PSYoungGen      total 3584K, used 352K [0x00000000d5580000, 0x00000000d5980000, 0x0000000100000000)
  eden space 2560K, 0% used [0x00000000d5580000,0x00000000d5580000,0x00000000d5800000)
  from space 1024K, 34% used [0x00000000d5800000,0x00000000d5858000,0x00000000d5900000)
  to   space 512K, 0% used [0x00000000d5900000,0x00000000d5900000,0x00000000d5980000)
 ParOldGen       total 333824K, used 333808K [0x0000000080000000, 0x0000000094600000, 0x00000000d5580000)
  object space 333824K, 99% used [0x0000000080000000,0x00000000945fc1e0,0x0000000094600000)
 Metaspace       used 82811K, committed 84544K, reserved 1179648K
  class space    used 8361K, committed 9152K, reserved 1048576K
}
Event: 301.734 GC heap before
{Heap before GC invocations=786 (full 4):
 PSYoungGen      total 3584K, used 2912K [0x00000000d5580000, 0x00000000d5980000, 0x0000000100000000)
  eden space 2560K, 100% used [0x00000000d5580000,0x00000000d5800000,0x00000000d5800000)
  from space 1024K, 34% used [0x00000000d5800000,0x00000000d5858000,0x00000000d5900000)
  to   space 512K, 0% used [0x00000000d5900000,0x00000000d5900000,0x00000000d5980000)
 ParOldGen       total 333824K, used 333808K [0x0000000080000000, 0x0000000094600000, 0x00000000d5580000)
  object space 333824K, 99% used [0x0000000080000000,0x00000000945fc1e0,0x0000000094600000)
 Metaspace       used 82811K, committed 84544K, reserved 1179648K
  class space    used 8361K, committed 9152K, reserved 1048576K
}
Event: 301.736 GC heap after
{Heap after GC invocations=786 (full 4):
 PSYoungGen      total 3072K, used 448K [0x00000000d5580000, 0x00000000d5980000, 0x0000000100000000)
  eden space 2560K, 0% used [0x00000000d5580000,0x00000000d5580000,0x00000000d5800000)
  from space 512K, 87% used [0x00000000d5900000,0x00000000d5970000,0x00000000d5980000)
  to   space 512K, 0% used [0x00000000d5880000,0x00000000d5880000,0x00000000d5900000)
 ParOldGen       total 334336K, used 333992K [0x0000000080000000, 0x0000000094680000, 0x00000000d5580000)
  object space 334336K, 99% used [0x0000000080000000,0x000000009462a1e0,0x0000000094680000)
 Metaspace       used 82811K, committed 84544K, reserved 1179648K
  class space    used 8361K, committed 9152K, reserved 1048576K
}
Event: 301.899 GC heap before
{Heap before GC invocations=787 (full 4):
 PSYoungGen      total 3072K, used 3007K [0x00000000d5580000, 0x00000000d5980000, 0x0000000100000000)
  eden space 2560K, 99% used [0x00000000d5580000,0x00000000d57ffff0,0x00000000d5800000)
  from space 512K, 87% used [0x00000000d5900000,0x00000000d5970000,0x00000000d5980000)
  to   space 512K, 0% used [0x00000000d5880000,0x00000000d5880000,0x00000000d5900000)
 ParOldGen       total 334336K, used 333992K [0x0000000080000000, 0x0000000094680000, 0x00000000d5580000)
  object space 334336K, 99% used [0x0000000080000000,0x000000009462a1e0,0x0000000094680000)
 Metaspace       used 82829K, committed 84544K, reserved 1179648K
  class space    used 8361K, committed 9152K, reserved 1048576K
}
Event: 301.901 GC heap after
{Heap after GC invocations=787 (full 4):
 PSYoungGen      total 3072K, used 512K [0x00000000d5580000, 0x00000000d5a00000, 0x0000000100000000)
  eden space 2560K, 0% used [0x00000000d5580000,0x00000000d5580000,0x00000000d5800000)
  from space 512K, 100% used [0x00000000d5880000,0x00000000d5900000,0x00000000d5900000)
  to   space 1024K, 0% used [0x00000000d5900000,0x00000000d5900000,0x00000000d5a00000)
 ParOldGen       total 334848K, used 334364K [0x0000000080000000, 0x0000000094700000, 0x00000000d5580000)
  object space 334848K, 99% used [0x0000000080000000,0x0000000094687210,0x0000000094700000)
 Metaspace       used 82829K, committed 84544K, reserved 1179648K
  class space    used 8361K, committed 9152K, reserved 1048576K
}
Event: 301.923 GC heap before
{Heap before GC invocations=788 (full 4):
 PSYoungGen      total 3072K, used 3072K [0x00000000d5580000, 0x00000000d5a00000, 0x0000000100000000)
  eden space 2560K, 100% used [0x00000000d5580000,0x00000000d5800000,0x00000000d5800000)
  from space 512K, 100% used [0x00000000d5880000,0x00000000d5900000,0x00000000d5900000)
  to   space 1024K, 0% used [0x00000000d5900000,0x00000000d5900000,0x00000000d5a00000)
 ParOldGen       total 334848K, used 334364K [0x0000000080000000, 0x0000000094700000, 0x00000000d5580000)
  object space 334848K, 99% used [0x0000000080000000,0x0000000094687210,0x0000000094700000)
 Metaspace       used 82835K, committed 84544K, reserved 1179648K
  class space    used 8361K, committed 9152K, reserved 1048576K
}
Event: 301.925 GC heap after
{Heap after GC invocations=788 (full 4):
 PSYoungGen      total 3584K, used 352K [0x00000000d5580000, 0x00000000d5a00000, 0x0000000100000000)
  eden space 2560K, 0% used [0x00000000d5580000,0x00000000d5580000,0x00000000d5800000)
  from space 1024K, 34% used [0x00000000d5900000,0x00000000d5958000,0x00000000d5a00000)
  to   space 1024K, 0% used [0x00000000d5800000,0x00000000d5800000,0x00000000d5900000)
 ParOldGen       total 334848K, used 334794K [0x0000000080000000, 0x0000000094700000, 0x00000000d5580000)
  object space 334848K, 99% used [0x0000000080000000,0x00000000946f2b40,0x0000000094700000)
 Metaspace       used 82835K, committed 84544K, reserved 1179648K
  class space    used 8361K, committed 9152K, reserved 1048576K
}
Event: 302.056 GC heap before
{Heap before GC invocations=789 (full 4):
 PSYoungGen      total 3584K, used 2912K [0x00000000d5580000, 0x00000000d5a00000, 0x0000000100000000)
  eden space 2560K, 100% used [0x00000000d5580000,0x00000000d5800000,0x00000000d5800000)
  from space 1024K, 34% used [0x00000000d5900000,0x00000000d5958000,0x00000000d5a00000)
  to   space 1024K, 0% used [0x00000000d5800000,0x00000000d5800000,0x00000000d5900000)
 ParOldGen       total 334848K, used 334794K [0x0000000080000000, 0x0000000094700000, 0x00000000d5580000)
  object space 334848K, 99% used [0x0000000080000000,0x00000000946f2b40,0x0000000094700000)
 Metaspace       used 82836K, committed 84608K, reserved 1179648K
  class space    used 8361K, committed 9152K, reserved 1048576K
}
Event: 302.058 GC heap after
{Heap after GC invocations=789 (full 4):
 PSYoungGen      total 3584K, used 384K [0x00000000d5580000, 0x00000000d5980000, 0x0000000100000000)
  eden space 2560K, 0% used [0x00000000d5580000,0x00000000d5580000,0x00000000d5800000)
  from space 1024K, 37% used [0x00000000d5800000,0x00000000d5860000,0x00000000d5900000)
  to   space 512K, 0% used [0x00000000d5900000,0x00000000d5900000,0x00000000d5980000)
 ParOldGen       total 335360K, used 334906K [0x0000000080000000, 0x0000000094780000, 0x00000000d5580000)
  object space 335360K, 99% used [0x0000000080000000,0x000000009470eb40,0x0000000094780000)
 Metaspace       used 82836K, committed 84608K, reserved 1179648K
  class space    used 8361K, committed 9152K, reserved 1048576K
}
Event: 302.068 GC heap before
{Heap before GC invocations=790 (full 4):
 PSYoungGen      total 3584K, used 2944K [0x00000000d5580000, 0x00000000d5980000, 0x0000000100000000)
  eden space 2560K, 100% used [0x00000000d5580000,0x00000000d5800000,0x00000000d5800000)
  from space 1024K, 37% used [0x00000000d5800000,0x00000000d5860000,0x00000000d5900000)
  to   space 512K, 0% used [0x00000000d5900000,0x00000000d5900000,0x00000000d5980000)
 ParOldGen       total 335360K, used 334906K [0x0000000080000000, 0x0000000094780000, 0x00000000d5580000)
  object space 335360K, 99% used [0x0000000080000000,0x000000009470eb40,0x0000000094780000)
 Metaspace       used 82836K, committed 84608K, reserved 1179648K
  class space    used 8361K, committed 9152K, reserved 1048576K
}
Event: 302.070 GC heap after
{Heap after GC invocations=790 (full 4):
 PSYoungGen      total 3072K, used 496K [0x00000000d5580000, 0x00000000d5a00000, 0x0000000100000000)
  eden space 2560K, 0% used [0x00000000d5580000,0x00000000d5580000,0x00000000d5800000)
  from space 512K, 96% used [0x00000000d5900000,0x00000000d597c010,0x00000000d5980000)
  to   space 1024K, 0% used [0x00000000d5800000,0x00000000d5800000,0x00000000d5900000)
 ParOldGen       total 335360K, used 335048K [0x0000000080000000, 0x0000000094780000, 0x00000000d5580000)
  object space 335360K, 99% used [0x0000000080000000,0x00000000947320b0,0x0000000094780000)
 Metaspace       used 82836K, committed 84608K, reserved 1179648K
  class space    used 8361K, committed 9152K, reserved 1048576K
}
Event: 302.080 GC heap before
{Heap before GC invocations=791 (full 4):
 PSYoungGen      total 3072K, used 3055K [0x00000000d5580000, 0x00000000d5a00000, 0x0000000100000000)
  eden space 2560K, 99% used [0x00000000d5580000,0x00000000d57fffe0,0x00000000d5800000)
  from space 512K, 96% used [0x00000000d5900000,0x00000000d597c010,0x00000000d5980000)
  to   space 1024K, 0% used [0x00000000d5800000,0x00000000d5800000,0x00000000d5900000)
 ParOldGen       total 335360K, used 335048K [0x0000000080000000, 0x0000000094780000, 0x00000000d5580000)
  object space 335360K, 99% used [0x0000000080000000,0x00000000947320b0,0x0000000094780000)
 Metaspace       used 82836K, committed 84608K, reserved 1179648K
  class space    used 8361K, committed 9152K, reserved 1048576K
}
Event: 302.082 GC heap after
{Heap after GC invocations=791 (full 4):
 PSYoungGen      total 3584K, used 384K [0x00000000d5580000, 0x00000000d5980000, 0x0000000100000000)
  eden space 2560K, 0% used [0x00000000d5580000,0x00000000d5580000,0x00000000d5800000)
  from space 1024K, 37% used [0x00000000d5800000,0x00000000d5860000,0x00000000d5900000)
  to   space 512K, 0% used [0x00000000d5900000,0x00000000d5900000,0x00000000d5980000)
 ParOldGen       total 335872K, used 335440K [0x0000000080000000, 0x0000000094800000, 0x00000000d5580000)
  object space 335872K, 99% used [0x0000000080000000,0x00000000947940c0,0x0000000094800000)
 Metaspace       used 82836K, committed 84608K, reserved 1179648K
  class space    used 8361K, committed 9152K, reserved 1048576K
}
Event: 302.117 GC heap before
{Heap before GC invocations=792 (full 4):
 PSYoungGen      total 3584K, used 2944K [0x00000000d5580000, 0x00000000d5980000, 0x0000000100000000)
  eden space 2560K, 100% used [0x00000000d5580000,0x00000000d5800000,0x00000000d5800000)
  from space 1024K, 37% used [0x00000000d5800000,0x00000000d5860000,0x00000000d5900000)
  to   space 512K, 0% used [0x00000000d5900000,0x00000000d5900000,0x00000000d5980000)
 ParOldGen       total 335872K, used 335440K [0x0000000080000000, 0x0000000094800000, 0x00000000d5580000)
  object space 335872K, 99% used [0x0000000080000000,0x00000000947940c0,0x0000000094800000)
 Metaspace       used 82840K, committed 84608K, reserved 1179648K
  class space    used 8361K, committed 9152K, reserved 1048576K
}
Event: 302.119 GC heap after
{Heap after GC invocations=792 (full 4):
 PSYoungGen      total 3072K, used 512K [0x00000000d5580000, 0x00000000d5a00000, 0x0000000100000000)
  eden space 2560K, 0% used [0x00000000d5580000,0x00000000d5580000,0x00000000d5800000)
  from space 512K, 100% used [0x00000000d5900000,0x00000000d5980000,0x00000000d5980000)
  to   space 1024K, 0% used [0x00000000d5800000,0x00000000d5800000,0x00000000d5900000)
 ParOldGen       total 335872K, used 335712K [0x0000000080000000, 0x0000000094800000, 0x00000000d5580000)
  object space 335872K, 99% used [0x0000000080000000,0x00000000947d80c0,0x0000000094800000)
 Metaspace       used 82840K, committed 84608K, reserved 1179648K
  class space    used 8361K, committed 9152K, reserved 1048576K
}
Event: 302.234 GC heap before
{Heap before GC invocations=793 (full 4):
 PSYoungGen      total 3072K, used 3071K [0x00000000d5580000, 0x00000000d5a00000, 0x0000000100000000)
  eden space 2560K, 99% used [0x00000000d5580000,0x00000000d57ffff8,0x00000000d5800000)
  from space 512K, 100% used [0x00000000d5900000,0x00000000d5980000,0x00000000d5980000)
  to   space 1024K, 0% used [0x00000000d5800000,0x00000000d5800000,0x00000000d5900000)
 ParOldGen       total 335872K, used 335712K [0x0000000080000000, 0x0000000094800000, 0x00000000d5580000)
  object space 335872K, 99% used [0x0000000080000000,0x00000000947d80c0,0x0000000094800000)
 Metaspace       used 82840K, committed 84608K, reserved 1179648K
  class space    used 8361K, committed 9152K, reserved 1048576K
}
Event: 302.238 GC heap after
{Heap after GC invocations=793 (full 4):
 PSYoungGen      total 3584K, used 480K [0x00000000d5580000, 0x00000000d5a00000, 0x0000000100000000)
  eden space 2560K, 0% used [0x00000000d5580000,0x00000000d5580000,0x00000000d5800000)
  from space 1024K, 46% used [0x00000000d5800000,0x00000000d5878000,0x00000000d5900000)
  to   space 1024K, 0% used [0x00000000d5900000,0x00000000d5900000,0x00000000d5a00000)
 ParOldGen       total 336384K, used 336266K [0x0000000080000000, 0x0000000094880000, 0x00000000d5580000)
  object space 336384K, 99% used [0x0000000080000000,0x0000000094862ad0,0x0000000094880000)
 Metaspace       used 82840K, committed 84608K, reserved 1179648K
  class space    used 8361K, committed 9152K, reserved 1048576K
}

Dll operation events (12 events):
Event: 0.139 Loaded shared library c:\Users\aishw\.vscode\extensions\redhat.java-1.50.0-win32-x64\jre\21.0.9-win32-x86_64\bin\java.dll
Event: 0.264 Loaded shared library c:\Users\aishw\.vscode\extensions\redhat.java-1.50.0-win32-x64\jre\21.0.9-win32-x86_64\bin\zip.dll
Event: 0.304 Loaded shared library C:\Users\aishw\.vscode\extensions\redhat.java-1.50.0-win32-x64\jre\21.0.9-win32-x86_64\bin\instrument.dll
Event: 0.439 Loaded shared library C:\Users\aishw\.vscode\extensions\redhat.java-1.50.0-win32-x64\jre\21.0.9-win32-x86_64\bin\net.dll
Event: 0.538 Loaded shared library C:\Users\aishw\.vscode\extensions\redhat.java-1.50.0-win32-x64\jre\21.0.9-win32-x86_64\bin\nio.dll
Event: 0.544 Loaded shared library C:\Users\aishw\.vscode\extensions\redhat.java-1.50.0-win32-x64\jre\21.0.9-win32-x86_64\bin\zip.dll
Event: 0.581 Loaded shared library C:\Users\aishw\.vscode\extensions\redhat.java-1.50.0-win32-x64\jre\21.0.9-win32-x86_64\bin\jimage.dll
Event: 0.872 Loaded shared library c:\Users\aishw\.vscode\extensions\redhat.java-1.50.0-win32-x64\jre\21.0.9-win32-x86_64\bin\verify.dll
Event: 21.365 Loaded shared library C:\Users\aishw\AppData\Roaming\Code\User\globalStorage\redhat.java\1.50.0\config_win\org.eclipse.equinox.launcher\org.eclipse.equinox.launcher.win32.win32.x86_64_1.2.1400.v20250801-0854\eclipse_11916.dll
Event: 47.811 Loaded shared library C:\Users\aishw\AppData\Local\Temp\jna-92823450\jna18118153249000539439.dll
Event: 52.982 Loaded shared library C:\Users\aishw\.vscode\extensions\redhat.java-1.50.0-win32-x64\jre\21.0.9-win32-x86_64\bin\sunmscapi.dll
Event: 53.470 Loaded shared library C:\Users\aishw\.vscode\extensions\redhat.java-1.50.0-win32-x64\jre\21.0.9-win32-x86_64\bin\extnet.dll

Deoptimization events (20 events):
Event: 298.773 Thread 0x000001abd68e0470 Uncommon trap: trap_request=0xffffffbe fr.pc=0x000001ab88b7faf8 relative=0x00000000000001d8
Event: 298.773 Thread 0x000001abd68e0470 Uncommon trap: reason=profile_predicate action=maybe_recompile pc=0x000001ab88b7faf8 method=org.eclipse.jdt.internal.compiler.util.SimpleSetOfCharArray.asArray([Ljava/lang/Object;)V @ 61 c2
Event: 298.774 Thread 0x000001abd68e0470 DEOPT PACKING pc=0x000001ab88b7faf8 sp=0x0000003a6a5fd640
Event: 298.774 Thread 0x000001abd68e0470 DEOPT UNPACKING pc=0x000001ab874a3aa2 sp=0x0000003a6a5fd5d0 mode 2
Event: 298.778 Thread 0x000001abd68e0470 Uncommon trap: trap_request=0xffffffbe fr.pc=0x000001ab88b7faf8 relative=0x00000000000001d8
Event: 298.778 Thread 0x000001abd68e0470 Uncommon trap: reason=profile_predicate action=maybe_recompile pc=0x000001ab88b7faf8 method=org.eclipse.jdt.internal.compiler.util.SimpleSetOfCharArray.asArray([Ljava/lang/Object;)V @ 61 c2
Event: 298.778 Thread 0x000001abd68e0470 DEOPT PACKING pc=0x000001ab88b7faf8 sp=0x0000003a6a5fdda0
Event: 298.778 Thread 0x000001abd68e0470 DEOPT UNPACKING pc=0x000001ab874a3aa2 sp=0x0000003a6a5fdd30 mode 2
Event: 299.470 Thread 0x000001abd5787100 Uncommon trap: trap_request=0xffffff45 fr.pc=0x000001ab88b8172c relative=0x00000000000000ec
Event: 299.470 Thread 0x000001abd5787100 Uncommon trap: reason=unstable_if action=reinterpret pc=0x000001ab88b8172c method=com.google.gson.stream.JsonReader.nextString()Ljava/lang/String; @ 6 c2
Event: 299.470 Thread 0x000001abd5787100 DEOPT PACKING pc=0x000001ab88b8172c sp=0x0000003a6b4feaa0
Event: 299.470 Thread 0x000001abd5787100 DEOPT UNPACKING pc=0x000001ab874a3aa2 sp=0x0000003a6b4fea28 mode 2
Event: 300.943 Thread 0x000001abd68e0470 Uncommon trap: trap_request=0xffffffbe fr.pc=0x000001ab88b7faf8 relative=0x00000000000001d8
Event: 300.943 Thread 0x000001abd68e0470 Uncommon trap: reason=profile_predicate action=maybe_recompile pc=0x000001ab88b7faf8 method=org.eclipse.jdt.internal.compiler.util.SimpleSetOfCharArray.asArray([Ljava/lang/Object;)V @ 61 c2
Event: 300.943 Thread 0x000001abd68e0470 DEOPT PACKING pc=0x000001ab88b7faf8 sp=0x0000003a6a5fdad0
Event: 300.943 Thread 0x000001abd68e0470 DEOPT UNPACKING pc=0x000001ab874a3aa2 sp=0x0000003a6a5fda60 mode 2
Event: 300.947 Thread 0x000001abd68e0470 Uncommon trap: trap_request=0xffffffbe fr.pc=0x000001ab88b7faf8 relative=0x00000000000001d8
Event: 300.947 Thread 0x000001abd68e0470 Uncommon trap: reason=profile_predicate action=maybe_recompile pc=0x000001ab88b7faf8 method=org.eclipse.jdt.internal.compiler.util.SimpleSetOfCharArray.asArray([Ljava/lang/Object;)V @ 61 c2
Event: 300.947 Thread 0x000001abd68e0470 DEOPT PACKING pc=0x000001ab88b7faf8 sp=0x0000003a6a5fdaa0
Event: 300.947 Thread 0x000001abd68e0470 DEOPT UNPACKING pc=0x000001ab874a3aa2 sp=0x0000003a6a5fda30 mode 2

Classes loaded (20 events):
Event: 75.803 Loading class java/util/Hashtable$KeySet
Event: 75.803 Loading class java/util/Hashtable$KeySet done
Event: 76.185 Loading class java/lang/invoke/MethodHandleImpl$CountingWrapper$1
Event: 76.185 Loading class java/lang/invoke/MethodHandleImpl$CountingWrapper$1 done
Event: 76.279 Loading class java/lang/UnsupportedClassVersionError
Event: 76.280 Loading class java/lang/UnsupportedClassVersionError done
Event: 78.877 Loading class java/util/HashMap$EntrySpliterator
Event: 78.878 Loading class java/util/HashMap$EntrySpliterator done
Event: 78.885 Loading class java/util/stream/ReduceOps$5
Event: 78.886 Loading class java/util/stream/ReduceOps$5 done
Event: 78.887 Loading class java/util/stream/ReduceOps$CountingSink$OfRef
Event: 78.887 Loading class java/util/stream/ReduceOps$CountingSink
Event: 78.888 Loading class java/util/stream/ReduceOps$CountingSink done
Event: 78.888 Loading class java/util/stream/ReduceOps$CountingSink$OfRef done
Event: 79.080 Loading class java/util/stream/ReduceOps$1
Event: 79.080 Loading class java/util/stream/ReduceOps$1 done
Event: 79.081 Loading class java/util/stream/ReduceOps$1ReducingSink
Event: 79.081 Loading class java/util/stream/ReduceOps$1ReducingSink done
Event: 81.685 Loading class jdk/internal/ref/CleanerImpl$InnocuousThreadFactory
Event: 81.685 Loading class jdk/internal/ref/CleanerImpl$InnocuousThreadFactory done

Classes unloaded (12 events):
Event: 48.844 Thread 0x000001abf124e740 Unloading class 0x000001ab901a4000 'java/lang/invoke/LambdaForm$MH+0x000001ab901a4000'
Event: 48.844 Thread 0x000001abf124e740 Unloading class 0x000001ab901a3c00 'java/lang/invoke/LambdaForm$MH+0x000001ab901a3c00'
Event: 48.844 Thread 0x000001abf124e740 Unloading class 0x000001ab901a3800 'java/lang/invoke/LambdaForm$MH+0x000001ab901a3800'
Event: 48.844 Thread 0x000001abf124e740 Unloading class 0x000001ab901a3400 'java/lang/invoke/LambdaForm$MH+0x000001ab901a3400'
Event: 48.844 Thread 0x000001abf124e740 Unloading class 0x000001ab901a3000 'java/lang/invoke/LambdaForm$BMH+0x000001ab901a3000'
Event: 48.844 Thread 0x000001abf124e740 Unloading class 0x000001ab901a2c00 'java/lang/invoke/LambdaForm$DMH+0x000001ab901a2c00'
Event: 48.844 Thread 0x000001abf124e740 Unloading class 0x000001ab901a1800 'java/lang/invoke/LambdaForm$DMH+0x000001ab901a1800'
Event: 167.693 Thread 0x000001abf124e740 Unloading class 0x000001ab90850c00 'java/lang/invoke/LambdaForm$DMH+0x000001ab90850c00'
Event: 167.693 Thread 0x000001abf124e740 Unloading class 0x000001ab90778c00 'java/lang/invoke/LambdaForm$DMH+0x000001ab90778c00'
Event: 167.693 Thread 0x000001abf124e740 Unloading class 0x000001ab90778800 'java/lang/invoke/LambdaForm$DMH+0x000001ab90778800'
Event: 167.693 Thread 0x000001abf124e740 Unloading class 0x000001ab90778400 'java/lang/invoke/LambdaForm$DMH+0x000001ab90778400'
Event: 167.693 Thread 0x000001abf124e740 Unloading class 0x000001ab90778000 'java/lang/invoke/LambdaForm$DMH+0x000001ab90778000'

Classes redefined (0 events):
No events

Internal exceptions (20 events):
Event: 302.044 Thread 0x000001abd48dd610 Implicit null exception at 0x000001ab821b0921 to 0x000001ab821b0b1d
Event: 302.044 Thread 0x000001abd48dd610 Exception <a 'java/lang/NullPointerException'{0x00000000d56aae20}> (0x00000000d56aae20) 
thrown [s\src\hotspot\share\runtime\sharedRuntime.cpp, line 625]
Event: 302.044 Thread 0x000001abd48dd610 Implicit null exception at 0x000001ab821b0921 to 0x000001ab821b0b1d
Event: 302.044 Thread 0x000001abd48dd610 Exception <a 'java/lang/NullPointerException'{0x00000000d56ab828}> (0x00000000d56ab828) 
thrown [s\src\hotspot\share\runtime\sharedRuntime.cpp, line 625]
Event: 302.060 Thread 0x000001abd68e0470 Implicit null exception at 0x000001ab821b0921 to 0x000001ab821b0b1d
Event: 302.060 Thread 0x000001abd68e0470 Exception <a 'java/lang/NullPointerException'{0x00000000d55bf670}> (0x00000000d55bf670) 
thrown [s\src\hotspot\share\runtime\sharedRuntime.cpp, line 625]
Event: 302.075 Thread 0x000001abd68e0470 Implicit null exception at 0x000001ab821b0921 to 0x000001ab821b0b1d
Event: 302.075 Thread 0x000001abd68e0470 Exception <a 'java/lang/NullPointerException'{0x00000000d56a7eb0}> (0x00000000d56a7eb0) 
thrown [s\src\hotspot\share\runtime\sharedRuntime.cpp, line 625]
Event: 302.075 Thread 0x000001abd68e0470 Implicit null exception at 0x000001ab821b0921 to 0x000001ab821b0b1d
Event: 302.075 Thread 0x000001abd68e0470 Exception <a 'java/lang/NullPointerException'{0x00000000d56a92c8}> (0x00000000d56a92c8) 
thrown [s\src\hotspot\share\runtime\sharedRuntime.cpp, line 625]
Event: 302.075 Thread 0x000001abd68e0470 Implicit null exception at 0x000001ab821b0921 to 0x000001ab821b0b1d
Event: 302.075 Thread 0x000001abd68e0470 Exception <a 'java/lang/NullPointerException'{0x00000000d56aa1a0}> (0x00000000d56aa1a0) 
thrown [s\src\hotspot\share\runtime\sharedRuntime.cpp, line 625]
Event: 302.075 Thread 0x000001abd68e0470 Implicit null exception at 0x000001ab821b0921 to 0x000001ab821b0b1d
Event: 302.075 Thread 0x000001abd68e0470 Exception <a 'java/lang/NullPointerException'{0x00000000d56ab638}> (0x00000000d56ab638) 
thrown [s\src\hotspot\share\runtime\sharedRuntime.cpp, line 625]
Event: 302.075 Thread 0x000001abd68e0470 Implicit null exception at 0x000001ab821b0921 to 0x000001ab821b0b1d
Event: 302.075 Thread 0x000001abd68e0470 Exception <a 'java/lang/NullPointerException'{0x00000000d56ac070}> (0x00000000d56ac070) 
thrown [s\src\hotspot\share\runtime\sharedRuntime.cpp, line 625]
Event: 302.096 Thread 0x000001abd68e0470 Implicit null exception at 0x000001ab821b0921 to 0x000001ab821b0b1d
Event: 302.096 Thread 0x000001abd68e0470 Exception <a 'java/lang/NullPointerException'{0x00000000d56bd9b0}> (0x00000000d56bd9b0) 
thrown [s\src\hotspot\share\runtime\sharedRuntime.cpp, line 625]
Event: 302.100 Thread 0x000001abd68e0470 Implicit null exception at 0x000001ab821b0921 to 0x000001ab821b0b1d
Event: 302.100 Thread 0x000001abd68e0470 Exception <a 'java/lang/NullPointerException'{0x00000000d56e5138}> (0x00000000d56e5138) 
thrown [s\src\hotspot\share\runtime\sharedRuntime.cpp, line 625]

ZGC Phase Switch (0 events):
No events

VM Operations (20 events):
Event: 301.696 Executing VM operation: ParallelGCFailedAllocation (Allocation Failure)
Event: 301.699 Executing VM operation: ParallelGCFailedAllocation (Allocation Failure) done
Event: 301.708 Executing VM operation: ParallelGCFailedAllocation (Allocation Failure)
Event: 301.710 Executing VM operation: ParallelGCFailedAllocation (Allocation Failure) done
Event: 301.734 Executing VM operation: ParallelGCFailedAllocation (Allocation Failure)
Event: 301.737 Executing VM operation: ParallelGCFailedAllocation (Allocation Failure) done
Event: 301.899 Executing VM operation: ParallelGCFailedAllocation (Allocation Failure)
Event: 301.901 Executing VM operation: ParallelGCFailedAllocation (Allocation Failure) done
Event: 301.923 Executing VM operation: ParallelGCFailedAllocation (Allocation Failure)
Event: 301.925 Executing VM operation: ParallelGCFailedAllocation (Allocation Failure) done
Event: 302.056 Executing VM operation: ParallelGCFailedAllocation (Allocation Failure)
Event: 302.058 Executing VM operation: ParallelGCFailedAllocation (Allocation Failure) done
Event: 302.067 Executing VM operation: ParallelGCFailedAllocation (Allocation Failure)
Event: 302.070 Executing VM operation: ParallelGCFailedAllocation (Allocation Failure) done
Event: 302.080 Executing VM operation: ParallelGCFailedAllocation (Allocation Failure)
Event: 302.082 Executing VM operation: ParallelGCFailedAllocation (Allocation Failure) done
Event: 302.117 Executing VM operation: ParallelGCFailedAllocation (Allocation Failure)
Event: 302.119 Executing VM operation: ParallelGCFailedAllocation (Allocation Failure) done
Event: 302.234 Executing VM operation: ParallelGCFailedAllocation (Allocation Failure)
Event: 302.238 Executing VM operation: ParallelGCFailedAllocation (Allocation Failure) done

Memory protections (0 events):
No events

Nmethod flushes (20 events):
Event: 167.755 Thread 0x000001abf124e740 flushing  nmethod 0x000001ab81043410
Event: 167.755 Thread 0x000001abf124e740 flushing  nmethod 0x000001ab81044610
Event: 167.755 Thread 0x000001abf124e740 flushing  nmethod 0x000001ab81045210
Event: 167.755 Thread 0x000001abf124e740 flushing  nmethod 0x000001ab81045d90
Event: 167.755 Thread 0x000001abf124e740 flushing  nmethod 0x000001ab81048f10
Event: 167.755 Thread 0x000001abf124e740 flushing  nmethod 0x000001ab81049690
Event: 167.755 Thread 0x000001abf124e740 flushing  nmethod 0x000001ab8104a290
Event: 167.755 Thread 0x000001abf124e740 flushing  nmethod 0x000001ab8104ba10
Event: 167.755 Thread 0x000001abf124e740 flushing  nmethod 0x000001ab8104c390
Event: 167.755 Thread 0x000001abf124e740 flushing  nmethod 0x000001ab8104d710
Event: 167.755 Thread 0x000001abf124e740 flushing  nmethod 0x000001ab8104dc10
Event: 167.755 Thread 0x000001abf124e740 flushing  nmethod 0x000001ab8104e790
Event: 167.755 Thread 0x000001abf124e740 flushing  nmethod 0x000001ab8104f210
Event: 167.755 Thread 0x000001abf124e740 flushing  nmethod 0x000001ab81056410
Event: 167.755 Thread 0x000001abf124e740 flushing  nmethod 0x000001ab81057110
Event: 167.755 Thread 0x000001abf124e740 flushing  nmethod 0x000001ab81057d90
Event: 167.755 Thread 0x000001abf124e740 flushing  nmethod 0x000001ab8105c790
Event: 167.755 Thread 0x000001abf124e740 flushing  nmethod 0x000001ab8105db10
Event: 167.755 Thread 0x000001abf124e740 flushing  nmethod 0x000001ab8105f610
Event: 167.755 Thread 0x000001abf124e740 flushing  nmethod 0x000001ab81062090

Events (20 events):
Event: 256.889 Thread 0x000001abd70bde60 Thread exited: 0x000001abd70bde60
Event: 257.370 Thread 0x000001abf126ad50 Thread added: 0x000001abd70bc9f0
Event: 257.996 Thread 0x000001abd70bc9f0 Thread exited: 0x000001abd70bc9f0
Event: 278.927 Thread 0x000001abf126ad50 Thread added: 0x000001abd70bc9f0
Event: 278.927 Thread 0x000001abf126ad50 Thread added: 0x000001abd70bde60
Event: 278.927 Thread 0x000001abf126ad50 Thread added: 0x000001abd70c2950
Event: 282.582 Thread 0x000001abd70c2950 Thread exited: 0x000001abd70c2950
Event: 282.586 Thread 0x000001abd70bde60 Thread exited: 0x000001abd70bde60
Event: 282.587 Thread 0x000001abd70bc9f0 Thread exited: 0x000001abd70bc9f0
Event: 282.650 Thread 0x000001abf126ad50 Thread added: 0x000001abd70bde60
Event: 282.665 Thread 0x000001abf126ad50 Thread added: 0x000001abd70bc9f0
Event: 282.838 Thread 0x000001abd70bc9f0 Thread exited: 0x000001abd70bc9f0
Event: 282.843 Thread 0x000001abf126ad50 Thread added: 0x000001abd70bc9f0
Event: 283.201 Thread 0x000001abd70bde60 Thread exited: 0x000001abd70bde60
Event: 284.252 Thread 0x000001abf1265ad0 Thread added: 0x000001abd70bde60
Event: 284.570 Thread 0x000001abd70bde60 Thread exited: 0x000001abd70bde60
Event: 289.394 Thread 0x000001abf126ad50 Thread added: 0x000001abd70bde60
Event: 292.369 Thread 0x000001abd70bde60 Thread exited: 0x000001abd70bde60
Event: 293.581 Thread 0x000001abd70bc9f0 Thread exited: 0x000001abd70bc9f0
Event: 301.204 Thread 0x000001abf126ad50 Thread added: 0x000001abd70bc9f0


Dynamic libraries:
0x00007ff7c2840000 - 0x00007ff7c284e000 	c:\Users\aishw\.vscode\extensions\redhat.java-1.50.0-win32-x64\jre\21.0.9-win32-x86_64\bin\java.exe
0x00007ffcce240000 - 0x00007ffcce4a7000 	C:\WINDOWS\SYSTEM32\ntdll.dll
0x00007ffcccde0000 - 0x00007ffcccea9000 	C:\WINDOWS\System32\KERNEL32.DLL
0x00007ffccbab0000 - 0x00007ffccbe9f000 	C:\WINDOWS\System32\KERNELBASE.dll
0x00007ffccb5c0000 - 0x00007ffccb70b000 	C:\WINDOWS\System32\ucrtbase.dll
0x00007ffc4be80000 - 0x00007ffc4be98000 	c:\Users\aishw\.vscode\extensions\redhat.java-1.50.0-win32-x64\jre\21.0.9-win32-x86_64\bin\jli.dll
0x00007ffc3a800000 - 0x00007ffc3a81e000 	c:\Users\aishw\.vscode\extensions\redhat.java-1.50.0-win32-x64\jre\21.0.9-win32-x86_64\bin\VCRUNTIME140.dll
0x00007ffcce030000 - 0x00007ffcce1f5000 	C:\WINDOWS\System32\USER32.dll
0x00007ffcb1ad0000 - 0x00007ffcb1d63000 	C:\WINDOWS\WinSxS\amd64_microsoft.windows.common-controls_6595b64144ccf1df_6.0.26100.7309_none_3e05feeae336a044\COMCTL32.dll
0x00007ffccb7c0000 - 0x00007ffccb7e7000 	C:\WINDOWS\System32\win32u.dll
0x00007ffccc870000 - 0x00007ffccc89b000 	C:\WINDOWS\System32\GDI32.dll
0x00007ffccd060000 - 0x00007ffccd109000 	C:\WINDOWS\System32\msvcrt.dll
0x00007ffccbeb0000 - 0x00007ffccbfdc000 	C:\WINDOWS\System32\gdi32full.dll
0x00007ffccb710000 - 0x00007ffccb7b3000 	C:\WINDOWS\System32\msvcp_win.dll
0x00007ffccc930000 - 0x00007ffccc961000 	C:\WINDOWS\System32\IMM32.DLL
0x00007ffcbbd60000 - 0x00007ffcbbd6c000 	c:\Users\aishw\.vscode\extensions\redhat.java-1.50.0-win32-x64\jre\21.0.9-win32-x86_64\bin\vcruntime140_1.dll
0x00007ffc3a500000 - 0x00007ffc3a58d000 	c:\Users\aishw\.vscode\extensions\redhat.java-1.50.0-win32-x64\jre\21.0.9-win32-x86_64\bin\msvcp140.dll
0x00007ffc31f90000 - 0x00007ffc32d30000 	c:\Users\aishw\.vscode\extensions\redhat.java-1.50.0-win32-x64\jre\21.0.9-win32-x86_64\bin\server\jvm.dll
0x00007ffccc320000 - 0x00007ffccc3d4000 	C:\WINDOWS\System32\ADVAPI32.dll
0x00007ffccd110000 - 0x00007ffccd1b6000 	C:\WINDOWS\System32\sechost.dll
0x00007ffccccc0000 - 0x00007ffcccdd8000 	C:\WINDOWS\System32\RPCRT4.dll
0x00007ffccc010000 - 0x00007ffccc084000 	C:\WINDOWS\System32\WS2_32.dll
0x00007ffccb1f0000 - 0x00007ffccb24e000 	C:\WINDOWS\SYSTEM32\POWRPROF.dll
0x00007ffcc3800000 - 0x00007ffcc3835000 	C:\WINDOWS\SYSTEM32\WINMM.dll
0x00007ffcc3a80000 - 0x00007ffcc3a8b000 	C:\WINDOWS\SYSTEM32\VERSION.dll
0x00007ffccb1d0000 - 0x00007ffccb1e4000 	C:\WINDOWS\SYSTEM32\UMPDC.dll
0x00007ffcca140000 - 0x00007ffcca15b000 	C:\WINDOWS\SYSTEM32\kernel.appcore.dll
0x00007ffcbbb80000 - 0x00007ffcbbb8a000 	c:\Users\aishw\.vscode\extensions\redhat.java-1.50.0-win32-x64\jre\21.0.9-win32-x86_64\bin\jimage.dll
0x00007ffcbe060000 - 0x00007ffcbe2a2000 	C:\WINDOWS\SYSTEM32\DBGHELP.DLL
0x00007ffccd1d0000 - 0x00007ffccd555000 	C:\WINDOWS\System32\combase.dll
0x00007ffccc0a0000 - 0x00007ffccc176000 	C:\WINDOWS\System32\OLEAUT32.dll
0x00007ffcab720000 - 0x00007ffcab75c000 	C:\WINDOWS\SYSTEM32\dbgcore.DLL
0x00007ffccb7f0000 - 0x00007ffccb895000 	C:\WINDOWS\System32\bcryptPrimitives.dll
0x00007ffcbdfd0000 - 0x00007ffcbdfdf000 	c:\Users\aishw\.vscode\extensions\redhat.java-1.50.0-win32-x64\jre\21.0.9-win32-x86_64\bin\instrument.dll
0x00007ffc3a4b0000 - 0x00007ffc3a4d0000 	c:\Users\aishw\.vscode\extensions\redhat.java-1.50.0-win32-x64\jre\21.0.9-win32-x86_64\bin\java.dll
0x00007ffccd560000 - 0x00007ffccdcb3000 	C:\WINDOWS\System32\SHELL32.dll
0x00007ffccb390000 - 0x00007ffccb4fa000 	C:\WINDOWS\System32\wintypes.dll
0x00007ffcc8f90000 - 0x00007ffcc97ee000 	C:\WINDOWS\SYSTEM32\windows.storage.dll
0x00007ffccdd10000 - 0x00007ffccde05000 	C:\WINDOWS\System32\SHCORE.dll
0x00007ffcccff0000 - 0x00007ffccd056000 	C:\WINDOWS\System32\shlwapi.dll
0x00007ffccb2b0000 - 0x00007ffccb2d9000 	C:\WINDOWS\SYSTEM32\profapi.dll
0x00007ffc3a490000 - 0x00007ffc3a4a8000 	c:\Users\aishw\.vscode\extensions\redhat.java-1.50.0-win32-x64\jre\21.0.9-win32-x86_64\bin\zip.dll
0x00007ffcbda50000 - 0x00007ffcbda60000 	C:\Users\aishw\.vscode\extensions\redhat.java-1.50.0-win32-x64\jre\21.0.9-win32-x86_64\bin\net.dll
0x00007ffcc4680000 - 0x00007ffcc47a8000 	C:\WINDOWS\SYSTEM32\WINHTTP.dll
0x00007ffcca6b0000 - 0x00007ffcca71b000 	C:\WINDOWS\system32\mswsock.dll
0x00007ffcbbec0000 - 0x00007ffcbbed6000 	C:\Users\aishw\.vscode\extensions\redhat.java-1.50.0-win32-x64\jre\21.0.9-win32-x86_64\bin\nio.dll
0x00007ffcbbeb0000 - 0x00007ffcbbec0000 	c:\Users\aishw\.vscode\extensions\redhat.java-1.50.0-win32-x64\jre\21.0.9-win32-x86_64\bin\verify.dll
0x00007ffcaf4b0000 - 0x00007ffcaf4f4000 	C:\Users\aishw\AppData\Roaming\Code\User\globalStorage\redhat.java\1.50.0\config_win\org.eclipse.equinox.launcher\org.eclipse.equinox.launcher.win32.win32.x86_64_1.2.1400.v20250801-0854\eclipse_11916.dll
0x00007ffccc180000 - 0x00007ffccc317000 	C:\WINDOWS\System32\ole32.dll
0x00007ffcca970000 - 0x00007ffcca98b000 	C:\WINDOWS\SYSTEM32\CRYPTSP.dll
0x00007ffcca0a0000 - 0x00007ffcca0da000 	C:\WINDOWS\system32\rsaenh.dll
0x00007ffcca760000 - 0x00007ffcca78b000 	C:\WINDOWS\SYSTEM32\USERENV.dll
0x00007ffccb280000 - 0x00007ffccb2aa000 	C:\WINDOWS\SYSTEM32\bcrypt.dll
0x00007ffcca990000 - 0x00007ffcca99c000 	C:\WINDOWS\SYSTEM32\CRYPTBASE.dll
0x00007ffcc9b30000 - 0x00007ffcc9b64000 	C:\WINDOWS\SYSTEM32\IPHLPAPI.DLL
0x00007ffccde70000 - 0x00007ffccde7a000 	C:\WINDOWS\System32\NSI.dll
0x00007ffcafe00000 - 0x00007ffcafe49000 	C:\Users\aishw\AppData\Local\Temp\jna-92823450\jna18118153249000539439.dll
0x00007ffccde80000 - 0x00007ffccde88000 	C:\WINDOWS\System32\PSAPI.DLL
0x00007ffcc4a90000 - 0x00007ffcc4aae000 	C:\WINDOWS\SYSTEM32\dhcpcsvc6.DLL
0x00007ffcc4a50000 - 0x00007ffcc4a73000 	C:\WINDOWS\SYSTEM32\dhcpcsvc.DLL
0x00007ffcbda90000 - 0x00007ffcbda9e000 	C:\Users\aishw\.vscode\extensions\redhat.java-1.50.0-win32-x64\jre\21.0.9-win32-x86_64\bin\sunmscapi.dll
0x00007ffccb930000 - 0x00007ffccbaa7000 	C:\WINDOWS\System32\CRYPT32.dll
0x00007ffccab90000 - 0x00007ffccabc0000 	C:\WINDOWS\SYSTEM32\ncrypt.dll
0x00007ffccab40000 - 0x00007ffccab7f000 	C:\WINDOWS\SYSTEM32\NTASN1.dll
0x00007ffcc9b70000 - 0x00007ffcc9c9c000 	C:\WINDOWS\SYSTEM32\DNSAPI.dll
0x00007ffcc3a70000 - 0x00007ffcc3a7b000 	C:\Windows\System32\rasadhlp.dll
0x00007ffcc4ec0000 - 0x00007ffcc4f46000 	C:\WINDOWS\System32\fwpuclnt.dll
0x00007ffcbda80000 - 0x00007ffcbda89000 	C:\Users\aishw\.vscode\extensions\redhat.java-1.50.0-win32-x64\jre\21.0.9-win32-x86_64\bin\extnet.dll
0x00007ffcca260000 - 0x00007ffcca296000 	C:\WINDOWS\SYSTEM32\ntmarta.dll

JVMTI agents:
c:\Users\aishw\.vscode\extensions\redhat.java-1.50.0-win32-x64\lombok\lombok-1.18.39-4050.jar path:c:\Users\aishw\.vscode\extensions\redhat.java-1.50.0-win32-x64\jre\21.0.9-win32-x86_64\bin\instrument.dll, loaded, initialized, instrumentlib options:none

dbghelp: loaded successfully - version: 4.0.5 - missing functions: none
symbol engine: initialized successfully - sym options: 0x614 - pdb path: .;c:\Users\aishw\.vscode\extensions\redhat.java-1.50.0-win32-x64\jre\21.0.9-win32-x86_64\bin;C:\WINDOWS\SYSTEM32;C:\WINDOWS\WinSxS\amd64_microsoft.windows.common-controls_6595b64144ccf1df_6.0.26100.7309_none_3e05feeae336a044;c:\Users\aishw\.vscode\extensions\redhat.java-1.50.0-win32-x64\jre\21.0.9-win32-x86_64\bin\server;C:\Users\aishw\AppData\Roaming\Code\User\globalStorage\redhat.java\1.50.0\config_win\org.eclipse.equinox.launcher\org.eclipse.equinox.launcher.win32.win32.x86_64_1.2.1400.v20250801-0854;C:\Users\aishw\AppData\Local\Temp\jna-92823450

VM Arguments:
jvm_args: --add-modules=ALL-SYSTEM --add-opens=java.base/java.util=ALL-UNNAMED --add-opens=java.base/java.lang=ALL-UNNAMED --add-opens=java.base/sun.nio.fs=ALL-UNNAMED -Declipse.application=org.eclipse.jdt.ls.core.id1 -Dosgi.bundles.defaultStartLevel=4 -Declipse.product=org.eclipse.jdt.ls.core.product -Djava.import.generatesMetadataFilesAtProjectRoot=false -DDetectVMInstallationsJob.disabled=true -Dfile.encoding=utf8 -XX:+UseParallelGC -XX:GCTimeRatio=4 -XX:AdaptiveSizePolicyWeight=90 -Dsun.zip.disableMemoryMapping=true -Xmx2G -Xms100m -Xlog:disable -javaagent:c:\Users\aishw\.vscode\extensions\redhat.java-1.50.0-win32-x64\lombok\lombok-1.18.39-4050.jar -XX:+HeapDumpOnOutOfMemoryError -XX:HeapDumpPath=c:\Users\aishw\AppData\Roaming\Code\User\workspaceStorage\f1b2a04fb41739291382069db032eb01\redhat.java -Daether.dependencyCollector.impl=bf 
java_command: c:\Users\aishw\.vscode\extensions\redhat.java-1.50.0-win32-x64\server\plugins\org.eclipse.equinox.launcher_1.7.100.v20251111-0406.jar -configuration c:\Users\aishw\AppData\Roaming\Code\User\globalStorage\redhat.java\1.50.0\config_win -data c:\Users\aishw\AppData\Roaming\Code\User\workspaceStorage\f1b2a04fb41739291382069db032eb01\redhat.java\jdt_ws --pipe=\\.\pipe\lsp-3b510b4496560c3fed7a62c3691838f0-sock
java_class_path (initial): c:\Users\aishw\.vscode\extensions\redhat.java-1.50.0-win32-x64\server\plugins\org.eclipse.equinox.launcher_1.7.100.v20251111-0406.jar
Launcher Type: SUN_STANDARD

[Global flags]
    uintx AdaptiveSizePolicyWeight                 = 90                                        {product} {command line}
     intx CICompilerCount                          = 12                                        {product} {ergonomic}
    uintx GCTimeRatio                              = 4                                         {product} {command line}
     bool HeapDumpOnOutOfMemoryError               = true                                   {manageable} {command line}
    ccstr HeapDumpPath                             = c:\Users\aishw\AppData\Roaming\Code\User\workspaceStorage\f1b2a04fb41739291382069db032eb01\redhat.java         {manageable} {command line}
   size_t InitialHeapSize                          = 104857600                                 {product} {command line}
   size_t MaxHeapSize                              = 2147483648                                {product} {command line}
   size_t MaxNewSize                               = 715653120                                 {product} {ergonomic}
   size_t MinHeapDeltaBytes                        = 524288                                    {product} {ergonomic}
   size_t MinHeapSize                              = 104857600                                 {product} {command line}
   size_t NewSize                                  = 34603008                                  {product} {ergonomic}
    uintx NonNMethodCodeHeapSize                   = 7602480                                {pd product} {ergonomic}
    uintx NonProfiledCodeHeapSize                  = 122027880                              {pd product} {ergonomic}
   size_t OldSize                                  = 70254592                                  {product} {ergonomic}
    uintx ProfiledCodeHeapSize                     = 122027880                              {pd product} {ergonomic}
    uintx ReservedCodeCacheSize                    = 251658240                              {pd product} {ergonomic}
     bool SegmentedCodeCache                       = true                                      {product} {ergonomic}
   size_t SoftMaxHeapSize                          = 2147483648                             {manageable} {ergonomic}
     bool UseCompressedOops                        = true                           {product lp64_product} {ergonomic}
     bool UseLargePagesIndividualAllocation        = false                                  {pd product} {ergonomic}
     bool UseParallelGC                            = true                                      {product} {command line}

Logging:
Log output configuration:
 #0: stdout all=off uptime,level,tags foldmultilines=false
 #1: stderr all=off uptime,level,tags foldmultilines=false

Release file:
JAVA_VERSION="21.0.9" 
MODULES="java.base java.compiler java.datatransfer java.xml java.prefs java.desktop java.instrument java.logging java.management java.security.sasl java.naming java.rmi java.management.rmi java.net.http java.scripting java.security.jgss java.transaction.xa java.sql java.sql.rowset java.xml.crypto java.se java.smartcardio jdk.accessibility jdk.internal.jvmstat jdk.attach jdk.charsets jdk.internal.opt jdk.zipfs jdk.compiler jdk.crypto.ec jdk.crypto.cryptoki jdk.crypto.mscapi jdk.dynalink jdk.internal.ed jdk.editpad jdk.hotspot.agent jdk.httpserver jdk.internal.le jdk.internal.vm.ci jdk.internal.vm.compiler jdk.internal.vm.compiler.management jdk.jartool jdk.javadoc jdk.jcmd jdk.management jdk.management.agent jdk.jconsole jdk.jdeps jdk.jdwp.agent jdk.jdi jdk.jfr jdk.jshell jdk.jsobject jdk.jstatd jdk.localedata jdk.management.jfr jdk.naming.dns jdk.naming.rmi jdk.net jdk.nio.mapmode jdk.random jdk.sctp jdk.security.auth jdk.security.jgss jdk.unsupported jdk.unsupported.desktop jdk.xml.dom" 

Environment Variables:
PATH=C:\Program Files\Common Files\Oracle\Java\javapath;C:\WINDOWS\system32;C:\WINDOWS;C:\WINDOWS\System32\Wbem;C:\WINDOWS\System32\WindowsPowerShell\v1.0\;C:\WINDOWS\System32\OpenSSH\;C:\Program Files\Java\jdk1.8.0_281\bin;C:\Program Files\Azure Data Studio\bin;C:\Program Files\nodejs\;C:\Program Files\Git\cmd;C:\Program Files\MySQL\MySQL Server 8.0\bin;C:\Users\aishw\AppData\Local\Programs\Python\Launcher\;C:\Program Files\MySQL\MySQL Shell 8.0\bin\;C:\Users\aishw\AppData\Local\Microsoft\WindowsApps;C:\Program Files\Azure Data Studio\bin;C:\Users\aishw\AppData\Local\Programs\Microsoft VS Code\bin;C:\MinGW\bin;C:\Users\aishw\AppData\Roaming\npm;C:\Program Files\JetBrains\IntelliJ IDEA Community Edition 2025.1.3\bin;;C:\Users\aishw\AppData\Local\GitHubDesktop\bin
USERNAME=aishw
OS=Windows_NT
PROCESSOR_IDENTIFIER=AMD64 Family 23 Model 104 Stepping 1, AuthenticAMD
TMP=C:\Users\aishw\AppData\Local\Temp
TEMP=C:\Users\aishw\AppData\Local\Temp




Periodic native trim disabled

---------------  S Y S T E M  ---------------

OS:
 Windows 11 , 64 bit Build 26100 (10.0.26100.7309)
OS uptime: 2 days 20:17 hours
Hyper-V role detected

CPU: total 16 (initial active 16) (16 cores per cpu, 2 threads per core) family 23 model 104 stepping 1 microcode 0x8608107, cx8, cmov, fxsr, ht, mmx, 3dnowpref, sse, sse2, sse3, ssse3, sse4a, sse4.1, sse4.2, popcnt, lzcnt, tsc, tscinvbit, avx, avx2, aes, clmul, bmi1, bmi2, adx, sha, fma, vzeroupper, clflush, clflushopt, hv, rdtscp, rdpid, f16c
Processor Information for the first 16 processors :
  Max Mhz: 1801, Current Mhz: 1440, Mhz Limit: 1801

Memory: 4k page, system-wide physical 15693M (4319M free)
TotalPageFile size 19070M (AvailPageFile size 3M)
current process WorkingSet (physical memory assigned to process): 683M, peak: 683M
current process commit charge ("private bytes"): 756M, peak: 757M

vm_info: OpenJDK 64-Bit Server VM (21.0.9+10-LTS) for windows-amd64 JRE (21.0.9+10-LTS), built on 2025-10-21T00:00:00Z by "admin" with unknown MS VC++:1942

END.
